Analysis & Synthesis report for pong2
Sun Dec 09 15:50:00 2018
Quartus Prime Version 16.1.0 Build 196 10/24/2016 SJ Lite Edition


---------------------
; Table of Contents ;
---------------------
  1. Legal Notice
  2. Analysis & Synthesis Summary
  3. Analysis & Synthesis Settings
  4. Parallel Compilation
  5. Analysis & Synthesis Source Files Read
  6. Analysis & Synthesis Resource Usage Summary
  7. Analysis & Synthesis Resource Utilization by Entity
  8. State Machine - |pong2|gridcolor:st1|s
  9. Registers Removed During Synthesis
 10. Removed Registers Triggering Further Register Optimizations
 11. General Register Statistics
 12. Inverted Register Statistics
 13. Multiplexer Restructuring Statistics (Restructuring Performed)
 14. Parameter Settings for User Entity Instance: gridcolor:st1
 15. Port Connectivity Checks: "gridcolor:st1|seven_seg:twoscr"
 16. Port Connectivity Checks: "gridcolor:st1|seven_seg:onescr"
 17. Port Connectivity Checks: "gridcolor:st1|vga_time_generator:vga0"
 18. Post-Synthesis Netlist Statistics for Top Partition
 19. Elapsed Time Per Partition
 20. Analysis & Synthesis Messages
 21. Analysis & Synthesis Suppressed Messages



----------------
; Legal Notice ;
----------------
Copyright (C) 2016  Intel Corporation. All rights reserved.
Your use of Intel Corporation's design tools, logic functions 
and other software and tools, and its AMPP partner logic 
functions, and any output files from any of the foregoing 
(including device programming or simulation files), and any 
associated documentation or information are expressly subject 
to the terms and conditions of the Intel Program License 
Subscription Agreement, the Intel Quartus Prime License Agreement,
the Intel MegaCore Function License Agreement, or other 
applicable license agreement, including, without limitation, 
that your use is for the sole purpose of programming logic 
devices manufactured by Intel and sold by Intel or its 
authorized distributors.  Please refer to the applicable 
agreement for further details.



+----------------------------------------------------------------------------------+
; Analysis & Synthesis Summary                                                     ;
+------------------------------------+---------------------------------------------+
; Analysis & Synthesis Status        ; Successful - Sun Dec 09 15:49:59 2018       ;
; Quartus Prime Version              ; 16.1.0 Build 196 10/24/2016 SJ Lite Edition ;
; Revision Name                      ; pong2                                       ;
; Top-level Entity Name              ; pong2                                       ;
; Family                             ; Cyclone IV E                                ;
; Total logic elements               ; 1,028                                       ;
;     Total combinational functions  ; 1,004                                       ;
;     Dedicated logic registers      ; 331                                         ;
; Total registers                    ; 331                                         ;
; Total pins                         ; 76                                          ;
; Total virtual pins                 ; 0                                           ;
; Total memory bits                  ; 0                                           ;
; Embedded Multiplier 9-bit elements ; 0                                           ;
; Total PLLs                         ; 0                                           ;
+------------------------------------+---------------------------------------------+


+----------------------------------------------------------------------------------------------------------------------+
; Analysis & Synthesis Settings                                                                                        ;
+----------------------------------------------------------------------------+--------------------+--------------------+
; Option                                                                     ; Setting            ; Default Value      ;
+----------------------------------------------------------------------------+--------------------+--------------------+
; Device                                                                     ; EP4CE115F29C7      ;                    ;
; Top-level entity name                                                      ; pong2              ; pong2              ;
; Family name                                                                ; Cyclone IV E       ; Cyclone V          ;
; Use smart compilation                                                      ; Off                ; Off                ;
; Enable parallel Assembler and TimeQuest Timing Analyzer during compilation ; On                 ; On                 ;
; Enable compact report table                                                ; Off                ; Off                ;
; Restructure Multiplexers                                                   ; Auto               ; Auto               ;
; Create Debugging Nodes for IP Cores                                        ; Off                ; Off                ;
; Preserve fewer node names                                                  ; On                 ; On                 ;
; OpenCore Plus hardware evaluation                                          ; Enable             ; Enable             ;
; Verilog Version                                                            ; Verilog_2001       ; Verilog_2001       ;
; VHDL Version                                                               ; VHDL_1993          ; VHDL_1993          ;
; State Machine Processing                                                   ; Auto               ; Auto               ;
; Safe State Machine                                                         ; Off                ; Off                ;
; Extract Verilog State Machines                                             ; On                 ; On                 ;
; Extract VHDL State Machines                                                ; On                 ; On                 ;
; Ignore Verilog initial constructs                                          ; Off                ; Off                ;
; Iteration limit for constant Verilog loops                                 ; 5000               ; 5000               ;
; Iteration limit for non-constant Verilog loops                             ; 250                ; 250                ;
; Add Pass-Through Logic to Inferred RAMs                                    ; On                 ; On                 ;
; Infer RAMs from Raw Logic                                                  ; On                 ; On                 ;
; Parallel Synthesis                                                         ; On                 ; On                 ;
; DSP Block Balancing                                                        ; Auto               ; Auto               ;
; NOT Gate Push-Back                                                         ; On                 ; On                 ;
; Power-Up Don't Care                                                        ; On                 ; On                 ;
; Remove Redundant Logic Cells                                               ; Off                ; Off                ;
; Remove Duplicate Registers                                                 ; On                 ; On                 ;
; Ignore CARRY Buffers                                                       ; Off                ; Off                ;
; Ignore CASCADE Buffers                                                     ; Off                ; Off                ;
; Ignore GLOBAL Buffers                                                      ; Off                ; Off                ;
; Ignore ROW GLOBAL Buffers                                                  ; Off                ; Off                ;
; Ignore LCELL Buffers                                                       ; Off                ; Off                ;
; Ignore SOFT Buffers                                                        ; On                 ; On                 ;
; Limit AHDL Integers to 32 Bits                                             ; Off                ; Off                ;
; Optimization Technique                                                     ; Balanced           ; Balanced           ;
; Carry Chain Length                                                         ; 70                 ; 70                 ;
; Auto Carry Chains                                                          ; On                 ; On                 ;
; Auto Open-Drain Pins                                                       ; On                 ; On                 ;
; Perform WYSIWYG Primitive Resynthesis                                      ; Off                ; Off                ;
; Auto ROM Replacement                                                       ; On                 ; On                 ;
; Auto RAM Replacement                                                       ; On                 ; On                 ;
; Auto DSP Block Replacement                                                 ; On                 ; On                 ;
; Auto Shift Register Replacement                                            ; Auto               ; Auto               ;
; Allow Shift Register Merging across Hierarchies                            ; Auto               ; Auto               ;
; Auto Clock Enable Replacement                                              ; On                 ; On                 ;
; Strict RAM Replacement                                                     ; Off                ; Off                ;
; Allow Synchronous Control Signals                                          ; On                 ; On                 ;
; Force Use of Synchronous Clear Signals                                     ; Off                ; Off                ;
; Auto RAM Block Balancing                                                   ; On                 ; On                 ;
; Auto RAM to Logic Cell Conversion                                          ; Off                ; Off                ;
; Auto Resource Sharing                                                      ; Off                ; Off                ;
; Allow Any RAM Size For Recognition                                         ; Off                ; Off                ;
; Allow Any ROM Size For Recognition                                         ; Off                ; Off                ;
; Allow Any Shift Register Size For Recognition                              ; Off                ; Off                ;
; Use LogicLock Constraints during Resource Balancing                        ; On                 ; On                 ;
; Ignore translate_off and synthesis_off directives                          ; Off                ; Off                ;
; Timing-Driven Synthesis                                                    ; On                 ; On                 ;
; Report Parameter Settings                                                  ; On                 ; On                 ;
; Report Source Assignments                                                  ; On                 ; On                 ;
; Report Connectivity Checks                                                 ; On                 ; On                 ;
; Ignore Maximum Fan-Out Assignments                                         ; Off                ; Off                ;
; Synchronization Register Chain Length                                      ; 2                  ; 2                  ;
; PowerPlay Power Optimization During Synthesis                              ; Normal compilation ; Normal compilation ;
; HDL message level                                                          ; Level2             ; Level2             ;
; Suppress Register Optimization Related Messages                            ; Off                ; Off                ;
; Number of Removed Registers Reported in Synthesis Report                   ; 5000               ; 5000               ;
; Number of Swept Nodes Reported in Synthesis Report                         ; 5000               ; 5000               ;
; Number of Inverted Registers Reported in Synthesis Report                  ; 100                ; 100                ;
; Clock MUX Protection                                                       ; On                 ; On                 ;
; Auto Gated Clock Conversion                                                ; Off                ; Off                ;
; Block Design Naming                                                        ; Auto               ; Auto               ;
; SDC constraint protection                                                  ; Off                ; Off                ;
; Synthesis Effort                                                           ; Auto               ; Auto               ;
; Shift Register Replacement - Allow Asynchronous Clear Signal               ; On                 ; On                 ;
; Pre-Mapping Resynthesis Optimization                                       ; Off                ; Off                ;
; Analysis & Synthesis Message Level                                         ; Medium             ; Medium             ;
; Disable Register Merging Across Hierarchies                                ; Auto               ; Auto               ;
; Resource Aware Inference For Block RAM                                     ; On                 ; On                 ;
+----------------------------------------------------------------------------+--------------------+--------------------+


+------------------------------------------+
; Parallel Compilation                     ;
+----------------------------+-------------+
; Processors                 ; Number      ;
+----------------------------+-------------+
; Number detected on machine ; 8           ;
; Maximum allowed            ; 4           ;
;                            ;             ;
; Average used               ; 1.00        ;
; Maximum used               ; 4           ;
;                            ;             ;
; Usage by Processor         ; % Time Used ;
;     Processor 1            ; 100.0%      ;
;     Processors 2-4         ;   0.0%      ;
+----------------------------+-------------+


+-----------------------------------------------------------------------------------------------------------------------------------------+
; Analysis & Synthesis Source Files Read                                                                                                  ;
+----------------------------------+-----------------+------------------------+-------------------------------------------------+---------+
; File Name with User-Entered Path ; Used in Netlist ; File Type              ; File Name with Absolute Path                    ; Library ;
+----------------------------------+-----------------+------------------------+-------------------------------------------------+---------+
; v/space.v                        ; yes             ; User Verilog HDL File  ; M:/quartus labs/project2/v/space.v              ;         ;
; v/vga_time_generator.v           ; yes             ; User Verilog HDL File  ; M:/quartus labs/project2/v/vga_time_generator.v ;         ;
; v/ps2_keyboard.v                 ; yes             ; User Verilog HDL File  ; M:/quartus labs/project2/v/ps2_keyboard.v       ;         ;
; pong2.v                          ; yes             ; User Verilog HDL File  ; M:/quartus labs/project2/pong2.v                ;         ;
; v/gridcolor.v                    ; yes             ; User Verilog HDL File  ; M:/quartus labs/project2/v/gridcolor.v          ;         ;
; v/ball_location.v                ; yes             ; User Verilog HDL File  ; M:/quartus labs/project2/v/ball_location.v      ;         ;
; v/seven_seg.v                    ; yes             ; User Verilog HDL File  ; M:/quartus labs/project2/v/seven_seg.v          ;         ;
+----------------------------------+-----------------+------------------------+-------------------------------------------------+---------+


+--------------------------------------------------------------+
; Analysis & Synthesis Resource Usage Summary                  ;
+---------------------------------------------+----------------+
; Resource                                    ; Usage          ;
+---------------------------------------------+----------------+
; Estimated Total logic elements              ; 1,028          ;
;                                             ;                ;
; Total combinational functions               ; 1004           ;
; Logic element usage by number of LUT inputs ;                ;
;     -- 4 input functions                    ; 200            ;
;     -- 3 input functions                    ; 399            ;
;     -- <=2 input functions                  ; 405            ;
;                                             ;                ;
; Logic elements by mode                      ;                ;
;     -- normal mode                          ; 371            ;
;     -- arithmetic mode                      ; 633            ;
;                                             ;                ;
; Total registers                             ; 331            ;
;     -- Dedicated logic registers            ; 331            ;
;     -- I/O registers                        ; 0              ;
;                                             ;                ;
; I/O pins                                    ; 76             ;
;                                             ;                ;
; Embedded Multiplier 9-bit elements          ; 0              ;
;                                             ;                ;
; Maximum fan-out node                        ; CLOCK_50~input ;
; Maximum fan-out                             ; 169            ;
; Total fan-out                               ; 4021           ;
; Average fan-out                             ; 2.69           ;
+---------------------------------------------+----------------+


+-----------------------------------------------------------------------------------------------------------------------------------------------------------------------------------------------------------------------------------------------+
; Analysis & Synthesis Resource Utilization by Entity                                                                                                                                                                                           ;
+---------------------------------+---------------------+---------------------------+-------------+--------------+---------+-----------+------+--------------+----------------------------------------------+--------------------+--------------+
; Compilation Hierarchy Node      ; Combinational ALUTs ; Dedicated Logic Registers ; Memory Bits ; DSP Elements ; DSP 9x9 ; DSP 18x18 ; Pins ; Virtual Pins ; Full Hierarchy Name                          ; Entity Name        ; Library Name ;
+---------------------------------+---------------------+---------------------------+-------------+--------------+---------+-----------+------+--------------+----------------------------------------------+--------------------+--------------+
; |pong2                          ; 1004 (14)           ; 331 (13)                  ; 0           ; 0            ; 0       ; 0         ; 76   ; 0            ; |pong2                                       ; pong2              ; work         ;
;    |gridcolor:st1|              ; 990 (297)           ; 318 (48)                  ; 0           ; 0            ; 0       ; 0         ; 0    ; 0            ; |pong2|gridcolor:st1                         ; gridcolor          ; work         ;
;       |ball_location:bloc|      ; 360 (360)           ; 65 (65)                   ; 0           ; 0            ; 0       ; 0         ; 0    ; 0            ; |pong2|gridcolor:st1|ball_location:bloc      ; ball_location      ; work         ;
;       |ps2_keyboard:keyboard|   ; 205 (205)           ; 123 (123)                 ; 0           ; 0            ; 0       ; 0         ; 0    ; 0            ; |pong2|gridcolor:st1|ps2_keyboard:keyboard   ; ps2_keyboard       ; work         ;
;       |seven_seg:onescr|        ; 7 (7)               ; 0 (0)                     ; 0           ; 0            ; 0       ; 0         ; 0    ; 0            ; |pong2|gridcolor:st1|seven_seg:onescr        ; seven_seg          ; work         ;
;       |seven_seg:twoscr|        ; 7 (7)               ; 0 (0)                     ; 0           ; 0            ; 0       ; 0         ; 0    ; 0            ; |pong2|gridcolor:st1|seven_seg:twoscr        ; seven_seg          ; work         ;
;       |space:starry|            ; 43 (43)             ; 30 (30)                   ; 0           ; 0            ; 0       ; 0         ; 0    ; 0            ; |pong2|gridcolor:st1|space:starry            ; space              ; work         ;
;       |vga_time_generator:vga0| ; 71 (71)             ; 52 (52)                   ; 0           ; 0            ; 0       ; 0         ; 0    ; 0            ; |pong2|gridcolor:st1|vga_time_generator:vga0 ; vga_time_generator ; work         ;
+---------------------------------+---------------------+---------------------------+-------------+--------------+---------+-----------+------+--------------+----------------------------------------------+--------------------+--------------+
Note: For table entries with two numbers listed, the numbers in parentheses indicate the number of resources of the given type used by the specific entity alone. The numbers listed outside of parentheses indicate the total resources of the given type used by the specific entity and all of its sub-entities in the hierarchy.


Encoding Type:  One-Hot
+--------------------------------------------------------------------------------------------------------+
; State Machine - |pong2|gridcolor:st1|s                                                                 ;
+-------------+----------+----------+-----------+-----------+--------+----------+----------+-------------+
; Name        ; s.TWOWIN ; s.ONEWIN ; s.TWOGOAL ; s.ONEGOAL ; s.GAME ; s.TWOADV ; s.ONEADV ; s.TRUESTART ;
+-------------+----------+----------+-----------+-----------+--------+----------+----------+-------------+
; s.TRUESTART ; 0        ; 0        ; 0         ; 0         ; 0      ; 0        ; 0        ; 0           ;
; s.ONEADV    ; 0        ; 0        ; 0         ; 0         ; 0      ; 0        ; 1        ; 1           ;
; s.TWOADV    ; 0        ; 0        ; 0         ; 0         ; 0      ; 1        ; 0        ; 1           ;
; s.GAME      ; 0        ; 0        ; 0         ; 0         ; 1      ; 0        ; 0        ; 1           ;
; s.ONEGOAL   ; 0        ; 0        ; 0         ; 1         ; 0      ; 0        ; 0        ; 1           ;
; s.TWOGOAL   ; 0        ; 0        ; 1         ; 0         ; 0      ; 0        ; 0        ; 1           ;
; s.ONEWIN    ; 0        ; 1        ; 0         ; 0         ; 0      ; 0        ; 0        ; 1           ;
; s.TWOWIN    ; 1        ; 0        ; 0         ; 0         ; 0      ; 0        ; 0        ; 1           ;
+-------------+----------+----------+-----------+-----------+--------+----------+----------+-------------+


+--------------------------------------------------------------------------------------------------------+
; Registers Removed During Synthesis                                                                     ;
+------------------------------------------------+-------------------------------------------------------+
; Register name                                  ; Reason for Removal                                    ;
+------------------------------------------------+-------------------------------------------------------+
; gridcolor:st1|space:starry|xmov[1]             ; Merged with gridcolor:st1|space:starry|xmov[3]        ;
; gridcolor:st1|space:starry|ymov[1]             ; Merged with gridcolor:st1|space:starry|ymov[3]        ;
; gridcolor:st1|ps2_keyboard:keyboard|clk_div[0] ; Merged with gridcolor:st1|ball_location:bloc|rando[0] ;
; gridcolor:st1|s~4                              ; Lost fanout                                           ;
; gridcolor:st1|s~5                              ; Lost fanout                                           ;
; gridcolor:st1|s~6                              ; Lost fanout                                           ;
; gridcolor:st1|s.ONEWIN                         ; Lost fanout                                           ;
; gridcolor:st1|s.TWOWIN                         ; Lost fanout                                           ;
; VGA_CLKo[13..31]                               ; Lost fanout                                           ;
; Total Number of Removed Registers = 27         ;                                                       ;
+------------------------------------------------+-------------------------------------------------------+


+---------------------------------------------------------------------------------+
; Removed Registers Triggering Further Register Optimizations                     ;
+-------------------+--------------------+----------------------------------------+
; Register name     ; Reason for Removal ; Registers Removed due to This Register ;
+-------------------+--------------------+----------------------------------------+
; gridcolor:st1|s~4 ; Lost Fanouts       ; gridcolor:st1|s.TWOWIN                 ;
; gridcolor:st1|s~5 ; Lost Fanouts       ; gridcolor:st1|s.ONEWIN                 ;
+-------------------+--------------------+----------------------------------------+


+------------------------------------------------------+
; General Register Statistics                          ;
+----------------------------------------------+-------+
; Statistic                                    ; Value ;
+----------------------------------------------+-------+
; Total registers                              ; 331   ;
; Number of registers using Synchronous Clear  ; 154   ;
; Number of registers using Synchronous Load   ; 48    ;
; Number of registers using Asynchronous Clear ; 166   ;
; Number of registers using Asynchronous Load  ; 0     ;
; Number of registers using Clock Enable       ; 70    ;
; Number of registers using Preset             ; 0     ;
+----------------------------------------------+-------+


+------------------------------------------------------------+
; Inverted Register Statistics                               ;
+--------------------------------------------------+---------+
; Inverted Register                                ; Fan out ;
+--------------------------------------------------+---------+
; gridcolor:st1|ps2_keyboard:keyboard|right_y[7]   ; 9       ;
; gridcolor:st1|ps2_keyboard:keyboard|right_y[5]   ; 9       ;
; gridcolor:st1|ps2_keyboard:keyboard|right_y[4]   ; 8       ;
; gridcolor:st1|ps2_keyboard:keyboard|right_y[2]   ; 13      ;
; gridcolor:st1|ps2_keyboard:keyboard|right_y[3]   ; 8       ;
; gridcolor:st1|ps2_keyboard:keyboard|right_y[1]   ; 12      ;
; gridcolor:st1|ps2_keyboard:keyboard|left_y[7]    ; 9       ;
; gridcolor:st1|ps2_keyboard:keyboard|left_y[5]    ; 9       ;
; gridcolor:st1|ps2_keyboard:keyboard|left_y[4]    ; 8       ;
; gridcolor:st1|ps2_keyboard:keyboard|left_y[2]    ; 13      ;
; gridcolor:st1|ps2_keyboard:keyboard|left_y[3]    ; 8       ;
; gridcolor:st1|ps2_keyboard:keyboard|left_y[1]    ; 12      ;
; gridcolor:st1|ball_location:bloc|outx[8]         ; 8       ;
; gridcolor:st1|ball_location:bloc|outx[5]         ; 13      ;
; gridcolor:st1|ball_location:bloc|outx[4]         ; 9       ;
; gridcolor:st1|ball_location:bloc|outx[2]         ; 9       ;
; gridcolor:st1|ball_location:bloc|outx[1]         ; 8       ;
; gridcolor:st1|ball_location:bloc|outy[7]         ; 19      ;
; gridcolor:st1|ball_location:bloc|outy[6]         ; 17      ;
; gridcolor:st1|ball_location:bloc|outy[5]         ; 17      ;
; gridcolor:st1|ball_location:bloc|outy[2]         ; 17      ;
; gridcolor:st1|ball_location:bloc|outy[1]         ; 16      ;
; gridcolor:st1|ps2_keyboard:keyboard|key2_code[7] ; 3       ;
; gridcolor:st1|ps2_keyboard:keyboard|key2_code[5] ; 3       ;
; gridcolor:st1|ps2_keyboard:keyboard|key2_code[4] ; 5       ;
; gridcolor:st1|ps2_keyboard:keyboard|key2_code[6] ; 5       ;
; gridcolor:st1|ps2_keyboard:keyboard|key1_code[7] ; 3       ;
; gridcolor:st1|ps2_keyboard:keyboard|key1_code[5] ; 3       ;
; gridcolor:st1|ps2_keyboard:keyboard|key1_code[4] ; 5       ;
; gridcolor:st1|ps2_keyboard:keyboard|key1_code[6] ; 5       ;
; Total number of inverted registers = 30          ;         ;
+--------------------------------------------------+---------+


+---------------------------------------------------------------------------------------------------------------------------------------------------------------------+
; Multiplexer Restructuring Statistics (Restructuring Performed)                                                                                                      ;
+--------------------+-----------+---------------+----------------------+------------------------+------------+-------------------------------------------------------+
; Multiplexer Inputs ; Bus Width ; Baseline Area ; Area if Restructured ; Saving if Restructured ; Registered ; Example Multiplexer Output                            ;
+--------------------+-----------+---------------+----------------------+------------------------+------------+-------------------------------------------------------+
; 3:1                ; 3 bits    ; 6 LEs         ; 3 LEs                ; 3 LEs                  ; Yes        ; |pong2|gridcolor:st1|space:starry|xmov[2]             ;
; 3:1                ; 3 bits    ; 6 LEs         ; 3 LEs                ; 3 LEs                  ; Yes        ; |pong2|gridcolor:st1|space:starry|ymov[0]             ;
; 6:1                ; 6 bits    ; 24 LEs        ; 6 LEs                ; 18 LEs                 ; Yes        ; |pong2|gridcolor:st1|ps2_keyboard:keyboard|right_y[6] ;
; 6:1                ; 6 bits    ; 24 LEs        ; 6 LEs                ; 18 LEs                 ; Yes        ; |pong2|gridcolor:st1|ps2_keyboard:keyboard|left_y[8]  ;
; 6:1                ; 6 bits    ; 24 LEs        ; 6 LEs                ; 18 LEs                 ; Yes        ; |pong2|gridcolor:st1|ps2_keyboard:keyboard|right_y[2] ;
; 6:1                ; 6 bits    ; 24 LEs        ; 6 LEs                ; 18 LEs                 ; Yes        ; |pong2|gridcolor:st1|ps2_keyboard:keyboard|left_y[7]  ;
; 4:1                ; 2 bits    ; 4 LEs         ; 4 LEs                ; 0 LEs                  ; No         ; |pong2|gridcolor:st1|s                                ;
+--------------------+-----------+---------------+----------------------+------------------------+------------+-------------------------------------------------------+


+------------------------------------------------------------+
; Parameter Settings for User Entity Instance: gridcolor:st1 ;
+----------------+-------+-----------------------------------+
; Parameter Name ; Value ; Type                              ;
+----------------+-------+-----------------------------------+
; TRUESTART      ; 000   ; Unsigned Binary                   ;
; ONEADV         ; 001   ; Unsigned Binary                   ;
; TWOADV         ; 010   ; Unsigned Binary                   ;
; GAME           ; 011   ; Unsigned Binary                   ;
; ONEGOAL        ; 100   ; Unsigned Binary                   ;
; TWOGOAL        ; 101   ; Unsigned Binary                   ;
; ONEWIN         ; 110   ; Unsigned Binary                   ;
; TWOWIN         ; 111   ; Unsigned Binary                   ;
+----------------+-------+-----------------------------------+
Note: In order to hide this table in the UI and the text report file, please set the "Show Parameter Settings in Synthesis Report" option in "Analysis and Synthesis Settings -> More Settings" to "Off".


+------------------------------------------------------------+
; Port Connectivity Checks: "gridcolor:st1|seven_seg:twoscr" ;
+---------+-------+----------+-------------------------------+
; Port    ; Type  ; Severity ; Details                       ;
+---------+-------+----------+-------------------------------+
; disp[3] ; Input ; Info     ; Stuck at GND                  ;
+---------+-------+----------+-------------------------------+


+------------------------------------------------------------+
; Port Connectivity Checks: "gridcolor:st1|seven_seg:onescr" ;
+---------+-------+----------+-------------------------------+
; Port    ; Type  ; Severity ; Details                       ;
+---------+-------+----------+-------------------------------+
; disp[3] ; Input ; Info     ; Stuck at GND                  ;
+---------+-------+----------+-------------------------------+


+--------------------------------------------------------------------------------------------------------------------------------------------------------------------------------------------------------------------------+
; Port Connectivity Checks: "gridcolor:st1|vga_time_generator:vga0"                                                                                                                                                        ;
+-----------------+-------+----------+-------------------------------------------------------------------------------------------------------------------------------------------------------------------------------------+
; Port            ; Type  ; Severity ; Details                                                                                                                                                                             ;
+-----------------+-------+----------+-------------------------------------------------------------------------------------------------------------------------------------------------------------------------------------+
; h_disp          ; Input ; Warning  ; Input port expression (32 bits) is wider than the input port (12 bits) it drives.  The 20 most-significant bit(s) in the expression will be dangling if they have no other fanouts. ;
; h_disp[11..10]  ; Input ; Info     ; Stuck at GND                                                                                                                                                                        ;
; h_disp[6..0]    ; Input ; Info     ; Stuck at GND                                                                                                                                                                        ;
; h_disp[9]       ; Input ; Info     ; Stuck at VCC                                                                                                                                                                        ;
; h_disp[8]       ; Input ; Info     ; Stuck at GND                                                                                                                                                                        ;
; h_disp[7]       ; Input ; Info     ; Stuck at VCC                                                                                                                                                                        ;
; h_fporch        ; Input ; Warning  ; Input port expression (32 bits) is wider than the input port (12 bits) it drives.  The 20 most-significant bit(s) in the expression will be dangling if they have no other fanouts. ;
; h_fporch[11..5] ; Input ; Info     ; Stuck at GND                                                                                                                                                                        ;
; h_fporch[3..0]  ; Input ; Info     ; Stuck at GND                                                                                                                                                                        ;
; h_fporch[4]     ; Input ; Info     ; Stuck at VCC                                                                                                                                                                        ;
; h_sync          ; Input ; Warning  ; Input port expression (32 bits) is wider than the input port (12 bits) it drives.  The 20 most-significant bit(s) in the expression will be dangling if they have no other fanouts. ;
; h_sync[6..5]    ; Input ; Info     ; Stuck at VCC                                                                                                                                                                        ;
; h_sync[11..7]   ; Input ; Info     ; Stuck at GND                                                                                                                                                                        ;
; h_sync[4..0]    ; Input ; Info     ; Stuck at GND                                                                                                                                                                        ;
; h_bporch        ; Input ; Warning  ; Input port expression (32 bits) is wider than the input port (12 bits) it drives.  The 20 most-significant bit(s) in the expression will be dangling if they have no other fanouts. ;
; h_bporch[5..4]  ; Input ; Info     ; Stuck at VCC                                                                                                                                                                        ;
; h_bporch[11..6] ; Input ; Info     ; Stuck at GND                                                                                                                                                                        ;
; h_bporch[3..0]  ; Input ; Info     ; Stuck at GND                                                                                                                                                                        ;
; v_disp          ; Input ; Warning  ; Input port expression (32 bits) is wider than the input port (12 bits) it drives.  The 20 most-significant bit(s) in the expression will be dangling if they have no other fanouts. ;
; v_disp[8..5]    ; Input ; Info     ; Stuck at VCC                                                                                                                                                                        ;
; v_disp[11..9]   ; Input ; Info     ; Stuck at GND                                                                                                                                                                        ;
; v_disp[4..0]    ; Input ; Info     ; Stuck at GND                                                                                                                                                                        ;
; v_fporch        ; Input ; Warning  ; Input port expression (32 bits) is wider than the input port (12 bits) it drives.  The 20 most-significant bit(s) in the expression will be dangling if they have no other fanouts. ;
; v_fporch[11..4] ; Input ; Info     ; Stuck at GND                                                                                                                                                                        ;
; v_fporch[3]     ; Input ; Info     ; Stuck at VCC                                                                                                                                                                        ;
; v_fporch[2]     ; Input ; Info     ; Stuck at GND                                                                                                                                                                        ;
; v_fporch[1]     ; Input ; Info     ; Stuck at VCC                                                                                                                                                                        ;
; v_fporch[0]     ; Input ; Info     ; Stuck at GND                                                                                                                                                                        ;
; v_sync          ; Input ; Warning  ; Input port expression (32 bits) is wider than the input port (12 bits) it drives.  The 20 most-significant bit(s) in the expression will be dangling if they have no other fanouts. ;
; v_sync[11..2]   ; Input ; Info     ; Stuck at GND                                                                                                                                                                        ;
; v_sync[1]       ; Input ; Info     ; Stuck at VCC                                                                                                                                                                        ;
; v_sync[0]       ; Input ; Info     ; Stuck at GND                                                                                                                                                                        ;
; v_bporch        ; Input ; Warning  ; Input port expression (32 bits) is wider than the input port (12 bits) it drives.  The 20 most-significant bit(s) in the expression will be dangling if they have no other fanouts. ;
; v_bporch[11..6] ; Input ; Info     ; Stuck at GND                                                                                                                                                                        ;
; v_bporch[4..1]  ; Input ; Info     ; Stuck at GND                                                                                                                                                                        ;
; v_bporch[5]     ; Input ; Info     ; Stuck at VCC                                                                                                                                                                        ;
; v_bporch[0]     ; Input ; Info     ; Stuck at VCC                                                                                                                                                                        ;
+-----------------+-------+----------+-------------------------------------------------------------------------------------------------------------------------------------------------------------------------------------+


+-----------------------------------------------------+
; Post-Synthesis Netlist Statistics for Top Partition ;
+-----------------------+-----------------------------+
; Type                  ; Count                       ;
+-----------------------+-----------------------------+
; boundary_port         ; 76                          ;
; cycloneiii_ff         ; 331                         ;
;     CLR               ; 36                          ;
;     CLR SCLR          ; 42                          ;
;     CLR SLD           ; 24                          ;
;     ENA               ; 6                           ;
;     ENA CLR           ; 40                          ;
;     ENA CLR SLD       ; 24                          ;
;     SCLR              ; 112                         ;
;     plain             ; 47                          ;
; cycloneiii_io_obuf    ; 7                           ;
; cycloneiii_lcell_comb ; 1019                        ;
;     arith             ; 633                         ;
;         2 data inputs ; 310                         ;
;         3 data inputs ; 323                         ;
;     normal            ; 386                         ;
;         0 data inputs ; 12                          ;
;         1 data inputs ; 36                          ;
;         2 data inputs ; 62                          ;
;         3 data inputs ; 76                          ;
;         4 data inputs ; 200                         ;
;                       ;                             ;
; Max LUT depth         ; 9.00                        ;
; Average LUT depth     ; 5.20                        ;
+-----------------------+-----------------------------+


+-------------------------------+
; Elapsed Time Per Partition    ;
+----------------+--------------+
; Partition Name ; Elapsed Time ;
+----------------+--------------+
; Top            ; 00:00:01     ;
+----------------+--------------+


+-------------------------------+
; Analysis & Synthesis Messages ;
+-------------------------------+
Info: *******************************************************************
Info: Running Quartus Prime Analysis & Synthesis
    Info: Version 16.1.0 Build 196 10/24/2016 SJ Lite Edition
    Info: Processing started: Sun Dec 09 15:49:47 2018
Info: Command: quartus_map --read_settings_files=on --write_settings_files=off pong2 -c pong2
Warning (18236): Number of processors has not been specified which may cause overloading on shared machines.  Set the global assignment NUM_PARALLEL_PROCESSORS in your QSF to an appropriate value for best performance.
Info (20030): Parallel compilation is enabled and will use 4 of the 4 processors detected
Info (12021): Found 1 design units, including 1 entities, in source file v/space.v
    Info (12023): Found entity 1: space File: M:/quartus labs/project2/v/space.v Line: 1
Info (12021): Found 1 design units, including 1 entities, in source file v/vga_time_generator.v
    Info (12023): Found entity 1: vga_time_generator File: M:/quartus labs/project2/v/vga_time_generator.v Line: 1
Info (12021): Found 1 design units, including 1 entities, in source file v/ps2_keyboard.v
    Info (12023): Found entity 1: ps2_keyboard File: M:/quartus labs/project2/v/ps2_keyboard.v Line: 1
Info (12021): Found 1 design units, including 1 entities, in source file pong2.v
    Info (12023): Found entity 1: pong2 File: M:/quartus labs/project2/pong2.v Line: 45
Info (12021): Found 1 design units, including 1 entities, in source file v/gridcolor.v
    Info (12023): Found entity 1: gridcolor File: M:/quartus labs/project2/v/gridcolor.v Line: 1
Info (12021): Found 1 design units, including 1 entities, in source file v/ball_location.v
    Info (12023): Found entity 1: ball_location File: M:/quartus labs/project2/v/ball_location.v Line: 1
Info (12021): Found 1 design units, including 1 entities, in source file v/seven_seg.v
    Info (12023): Found entity 1: seven_seg File: M:/quartus labs/project2/v/seven_seg.v Line: 1
Info (12127): Elaborating entity "pong2" for the top level hierarchy
Warning (10230): Verilog HDL assignment warning at pong2.v(185): truncated value with size 10 to match size of target (8) File: M:/quartus labs/project2/pong2.v Line: 185
Warning (10230): Verilog HDL assignment warning at pong2.v(187): truncated value with size 10 to match size of target (8) File: M:/quartus labs/project2/pong2.v Line: 187
Warning (10230): Verilog HDL assignment warning at pong2.v(189): truncated value with size 10 to match size of target (8) File: M:/quartus labs/project2/pong2.v Line: 189
Warning (10034): Output port "AUD_DACDAT" at pong2.v(137) has no driver File: M:/quartus labs/project2/pong2.v Line: 137
Warning (10034): Output port "AUD_XCK" at pong2.v(139) has no driver File: M:/quartus labs/project2/pong2.v Line: 139
Info (12128): Elaborating entity "gridcolor" for hierarchy "gridcolor:st1" File: M:/quartus labs/project2/pong2.v Line: 216
Info (12128): Elaborating entity "vga_time_generator" for hierarchy "gridcolor:st1|vga_time_generator:vga0" File: M:/quartus labs/project2/v/gridcolor.v Line: 50
Warning (10763): Verilog HDL warning at vga_time_generator.v(37): case statement has overlapping case item expressions with non-constant or don't care bits - unable to check case statement for completeness File: M:/quartus labs/project2/v/vga_time_generator.v Line: 37
Warning (10230): Verilog HDL assignment warning at vga_time_generator.v(54): truncated value with size 32 to match size of target (12) File: M:/quartus labs/project2/v/vga_time_generator.v Line: 54
Warning (10763): Verilog HDL warning at vga_time_generator.v(59): case statement has overlapping case item expressions with non-constant or don't care bits - unable to check case statement for completeness File: M:/quartus labs/project2/v/vga_time_generator.v Line: 59
Warning (10230): Verilog HDL assignment warning at vga_time_generator.v(74): truncated value with size 32 to match size of target (12) File: M:/quartus labs/project2/v/vga_time_generator.v Line: 74
Warning (10230): Verilog HDL assignment warning at vga_time_generator.v(79): truncated value with size 32 to match size of target (12) File: M:/quartus labs/project2/v/vga_time_generator.v Line: 79
Info (12128): Elaborating entity "ps2_keyboard" for hierarchy "gridcolor:st1|ps2_keyboard:keyboard" File: M:/quartus labs/project2/v/gridcolor.v Line: 85
Info (12128): Elaborating entity "space" for hierarchy "gridcolor:st1|space:starry" File: M:/quartus labs/project2/v/gridcolor.v Line: 185
Info (12128): Elaborating entity "ball_location" for hierarchy "gridcolor:st1|ball_location:bloc" File: M:/quartus labs/project2/v/gridcolor.v Line: 208
Info (12128): Elaborating entity "seven_seg" for hierarchy "gridcolor:st1|seven_seg:onescr" File: M:/quartus labs/project2/v/gridcolor.v Line: 252
Warning (12241): 1 hierarchies have connectivity warnings - see the Connectivity Checks report folder
Warning (13039): The following bidirectional pins have no drivers
    Warning (13040): bidirectional pin "PS2_CLK" has no driver File: M:/quartus labs/project2/pong2.v Line: 114
    Warning (13040): bidirectional pin "PS2_DAT" has no driver File: M:/quartus labs/project2/pong2.v Line: 115
    Warning (13040): bidirectional pin "AUD_ADCLRCK" has no driver File: M:/quartus labs/project2/pong2.v Line: 135
    Warning (13040): bidirectional pin "AUD_BCLK" has no driver File: M:/quartus labs/project2/pong2.v Line: 136
    Warning (13040): bidirectional pin "AUD_DACLRCK" has no driver File: M:/quartus labs/project2/pong2.v Line: 138
Warning (13032): The following tri-state nodes are fed by constants
    Warning (13033): The pin "PS2_CLK2" is fed by VCC File: M:/quartus labs/project2/pong2.v Line: 116
    Warning (13033): The pin "PS2_DAT2" is fed by VCC File: M:/quartus labs/project2/pong2.v Line: 117
Info (13000): Registers with preset signals will power-up high File: M:/quartus labs/project2/v/ps2_keyboard.v Line: 112
Info (13003): DEV_CLRn pin will set, and not reset, register with preset signal due to NOT Gate Push-Back
Warning (13009): TRI or OPNDRN buffers permanently enabled
    Warning (13010): Node "PS2_CLK2~synth" File: M:/quartus labs/project2/pong2.v Line: 116
    Warning (13010): Node "PS2_DAT2~synth" File: M:/quartus labs/project2/pong2.v Line: 117
Warning (13024): Output pins are stuck at VCC or GND
    Warning (13410): Pin "VGA_B[0]" is stuck at GND File: M:/quartus labs/project2/pong2.v Line: 124
    Warning (13410): Pin "VGA_B[1]" is stuck at GND File: M:/quartus labs/project2/pong2.v Line: 124
    Warning (13410): Pin "VGA_B[2]" is stuck at GND File: M:/quartus labs/project2/pong2.v Line: 124
    Warning (13410): Pin "VGA_B[3]" is stuck at GND File: M:/quartus labs/project2/pong2.v Line: 124
    Warning (13410): Pin "VGA_G[0]" is stuck at GND File: M:/quartus labs/project2/pong2.v Line: 127
    Warning (13410): Pin "VGA_G[1]" is stuck at GND File: M:/quartus labs/project2/pong2.v Line: 127
    Warning (13410): Pin "VGA_G[2]" is stuck at GND File: M:/quartus labs/project2/pong2.v Line: 127
    Warning (13410): Pin "VGA_G[3]" is stuck at GND File: M:/quartus labs/project2/pong2.v Line: 127
    Warning (13410): Pin "VGA_R[0]" is stuck at GND File: M:/quartus labs/project2/pong2.v Line: 129
    Warning (13410): Pin "VGA_R[1]" is stuck at GND File: M:/quartus labs/project2/pong2.v Line: 129
    Warning (13410): Pin "VGA_R[2]" is stuck at GND File: M:/quartus labs/project2/pong2.v Line: 129
    Warning (13410): Pin "VGA_R[3]" is stuck at GND File: M:/quartus labs/project2/pong2.v Line: 129
    Warning (13410): Pin "VGA_SYNC_N" is stuck at VCC File: M:/quartus labs/project2/pong2.v Line: 130
    Warning (13410): Pin "AUD_DACDAT" is stuck at GND File: M:/quartus labs/project2/pong2.v Line: 137
    Warning (13410): Pin "AUD_XCK" is stuck at GND File: M:/quartus labs/project2/pong2.v Line: 139
Info (286030): Timing-Driven Synthesis is running
Info (17049): 24 registers lost all their fanouts during netlist optimizations.
Warning (20013): Ignored 26 assignments for entity "DE2_115_GOLDEN_TOP" -- entity does not exist in design
    Warning (20014): Assignment for entity set_global_assignment -name LL_ROOT_REGION ON -entity DE2_115_GOLDEN_TOP -section_id "Root Region" was ignored
    Warning (20014): Assignment for entity set_global_assignment -name LL_MEMBER_STATE LOCKED -entity DE2_115_GOLDEN_TOP -section_id "Root Region" was ignored
    Warning (20014): Assignment for entity set_global_assignment -name LL_ROUTING_REGION OFF -entity DE2_115_GOLDEN_TOP -section_id "Root Region" was ignored
    Warning (20014): Assignment for entity set_instance_assignment -name PARTITION_HIERARCHY root_partition -to | -entity DE2_115_GOLDEN_TOP -section_id Top was ignored
    Warning (20014): Assignment for entity set_global_assignment -name PARTITION_NETLIST_TYPE SOURCE -entity DE2_115_GOLDEN_TOP -section_id Top was ignored
    Warning (20014): Assignment for entity set_global_assignment -name PARTITION_PRESERVE_HIGH_SPEED_TILES ON -entity DE2_115_GOLDEN_TOP -section_id Top was ignored
    Warning (20014): Assignment for entity set_global_assignment -name PARTITION_IGNORE_SOURCE_FILE_CHANGES OFF -entity DE2_115_GOLDEN_TOP -section_id Top was ignored
    Warning (20014): Assignment for entity set_global_assignment -name PARTITION_ALWAYS_USE_QXP_NETLIST OFF -entity DE2_115_GOLDEN_TOP -section_id Top was ignored
    Warning (20014): Assignment for entity set_global_assignment -name PARTITION_COLOR 16764057 -entity DE2_115_GOLDEN_TOP -section_id Top was ignored
    Warning (20014): Assignment for entity set_global_assignment -name PARTITION_IMPORT_ASSIGNMENTS ON -entity DE2_115_GOLDEN_TOP -section_id Top was ignored
    Warning (20014): Assignment for entity set_global_assignment -name PARTITION_IMPORT_EXISTING_ASSIGNMENTS REPLACE_CONFLICTING -entity DE2_115_GOLDEN_TOP -section_id Top was ignored
    Warning (20014): Assignment for entity set_global_assignment -name PARTITION_IMPORT_EXISTING_LOGICLOCK_REGIONS UPDATE_CONFLICTING -entity DE2_115_GOLDEN_TOP -section_id Top was ignored
    Warning (20014): Assignment for entity set_global_assignment -name PARTITION_IMPORT_PIN_ASSIGNMENTS ON -entity DE2_115_GOLDEN_TOP -section_id Top was ignored
    Warning (20014): Assignment for entity set_global_assignment -name PARTITION_IMPORT_PROMOTE_ASSIGNMENTS ON -entity DE2_115_GOLDEN_TOP -section_id Top was ignored
    Warning (20014): Assignment for entity set_global_assignment -name PARTITION_TYPE STANDARD_PARTITION -entity DE2_115_GOLDEN_TOP -section_id Top was ignored
    Warning (20014): Assignment for entity set_global_assignment -name ALLOW_MULTIPLE_PERSONAS OFF -entity DE2_115_GOLDEN_TOP -section_id Top was ignored
    Warning (20014): Assignment for entity set_global_assignment -name PARTITION_ASD_REGION_ID 1 -entity DE2_115_GOLDEN_TOP -section_id Top was ignored
    Warning (20014): Assignment for entity set_global_assignment -name CROSS_BOUNDARY_OPTIMIZATIONS OFF -entity DE2_115_GOLDEN_TOP -section_id Top was ignored
    Warning (20014): Assignment for entity set_global_assignment -name PROPAGATE_CONSTANTS_ON_INPUTS ON -entity DE2_115_GOLDEN_TOP -section_id Top was ignored
    Warning (20014): Assignment for entity set_global_assignment -name PROPAGATE_INVERSIONS_ON_INPUTS ON -entity DE2_115_GOLDEN_TOP -section_id Top was ignored
    Warning (20014): Assignment for entity set_global_assignment -name REMOVE_LOGIC_ON_UNCONNECTED_OUTPUTS ON -entity DE2_115_GOLDEN_TOP -section_id Top was ignored
    Warning (20014): Assignment for entity set_global_assignment -name MERGE_EQUIVALENT_INPUTS ON -entity DE2_115_GOLDEN_TOP -section_id Top was ignored
    Warning (20014): Assignment for entity set_global_assignment -name MERGE_EQUIVALENT_BIDIRS ON -entity DE2_115_GOLDEN_TOP -section_id Top was ignored
    Warning (20014): Assignment for entity set_global_assignment -name ABSORB_PATHS_FROM_OUTPUTS_TO_INPUTS ON -entity DE2_115_GOLDEN_TOP -section_id Top was ignored
    Warning (20014): Assignment for entity set_global_assignment -name PARTITION_EXTRACT_HARD_BLOCK_NODES ON -entity DE2_115_GOLDEN_TOP -section_id Top was ignored
    Warning (20014): Assignment for entity set_global_assignment -name PARTITION_ENABLE_STRICT_PRESERVATION OFF -entity DE2_115_GOLDEN_TOP -section_id Top was ignored
Warning (20013): Ignored 27 assignments for entity "DE2_115_Synthesizer" -- entity does not exist in design
    Warning (20014): Assignment for entity set_global_assignment -name LL_ROOT_REGION ON -entity DE2_115_Synthesizer -section_id "Root Region" was ignored
    Warning (20014): Assignment for entity set_global_assignment -name LL_MEMBER_STATE LOCKED -entity DE2_115_Synthesizer -section_id "Root Region" was ignored
    Warning (20014): Assignment for entity set_global_assignment -name LL_ROUTING_REGION OFF -entity DE2_115_Synthesizer -section_id "Root Region" was ignored
    Warning (20014): Assignment for entity set_instance_assignment -name PARTITION_HIERARCHY root_partition -to | -entity DE2_115_Synthesizer -section_id Top was ignored
    Warning (20014): Assignment for entity set_global_assignment -name PARTITION_NETLIST_TYPE SOURCE -entity DE2_115_Synthesizer -section_id Top was ignored
    Warning (20014): Assignment for entity set_global_assignment -name PARTITION_FITTER_PRESERVATION_LEVEL PLACEMENT_AND_ROUTING -entity DE2_115_Synthesizer -section_id Top was ignored
    Warning (20014): Assignment for entity set_global_assignment -name PARTITION_PRESERVE_HIGH_SPEED_TILES ON -entity DE2_115_Synthesizer -section_id Top was ignored
    Warning (20014): Assignment for entity set_global_assignment -name PARTITION_IGNORE_SOURCE_FILE_CHANGES OFF -entity DE2_115_Synthesizer -section_id Top was ignored
    Warning (20014): Assignment for entity set_global_assignment -name PARTITION_ALWAYS_USE_QXP_NETLIST OFF -entity DE2_115_Synthesizer -section_id Top was ignored
    Warning (20014): Assignment for entity set_global_assignment -name PARTITION_COLOR 16764057 -entity DE2_115_Synthesizer -section_id Top was ignored
    Warning (20014): Assignment for entity set_global_assignment -name PARTITION_IMPORT_ASSIGNMENTS ON -entity DE2_115_Synthesizer -section_id Top was ignored
    Warning (20014): Assignment for entity set_global_assignment -name PARTITION_IMPORT_EXISTING_ASSIGNMENTS REPLACE_CONFLICTING -entity DE2_115_Synthesizer -section_id Top was ignored
    Warning (20014): Assignment for entity set_global_assignment -name PARTITION_IMPORT_EXISTING_LOGICLOCK_REGIONS UPDATE_CONFLICTING -entity DE2_115_Synthesizer -section_id Top was ignored
    Warning (20014): Assignment for entity set_global_assignment -name PARTITION_IMPORT_PIN_ASSIGNMENTS ON -entity DE2_115_Synthesizer -section_id Top was ignored
    Warning (20014): Assignment for entity set_global_assignment -name PARTITION_IMPORT_PROMOTE_ASSIGNMENTS ON -entity DE2_115_Synthesizer -section_id Top was ignored
    Warning (20014): Assignment for entity set_global_assignment -name PARTITION_TYPE STANDARD_PARTITION -entity DE2_115_Synthesizer -section_id Top was ignored
    Warning (20014): Assignment for entity set_global_assignment -name ALLOW_MULTIPLE_PERSONAS OFF -entity DE2_115_Synthesizer -section_id Top was ignored
    Warning (20014): Assignment for entity set_global_assignment -name PARTITION_ASD_REGION_ID 1 -entity DE2_115_Synthesizer -section_id Top was ignored
    Warning (20014): Assignment for entity set_global_assignment -name CROSS_BOUNDARY_OPTIMIZATIONS OFF -entity DE2_115_Synthesizer -section_id Top was ignored
    Warning (20014): Assignment for entity set_global_assignment -name PROPAGATE_CONSTANTS_ON_INPUTS ON -entity DE2_115_Synthesizer -section_id Top was ignored
    Warning (20014): Assignment for entity set_global_assignment -name PROPAGATE_INVERSIONS_ON_INPUTS ON -entity DE2_115_Synthesizer -section_id Top was ignored
    Warning (20014): Assignment for entity set_global_assignment -name REMOVE_LOGIC_ON_UNCONNECTED_OUTPUTS ON -entity DE2_115_Synthesizer -section_id Top was ignored
    Warning (20014): Assignment for entity set_global_assignment -name MERGE_EQUIVALENT_INPUTS ON -entity DE2_115_Synthesizer -section_id Top was ignored
    Warning (20014): Assignment for entity set_global_assignment -name MERGE_EQUIVALENT_BIDIRS ON -entity DE2_115_Synthesizer -section_id Top was ignored
    Warning (20014): Assignment for entity set_global_assignment -name ABSORB_PATHS_FROM_OUTPUTS_TO_INPUTS ON -entity DE2_115_Synthesizer -section_id Top was ignored
    Warning (20014): Assignment for entity set_global_assignment -name PARTITION_EXTRACT_HARD_BLOCK_NODES ON -entity DE2_115_Synthesizer -section_id Top was ignored
    Warning (20014): Assignment for entity set_global_assignment -name PARTITION_ENABLE_STRICT_PRESERVATION OFF -entity DE2_115_Synthesizer -section_id Top was ignored
Info (144001): Generated suppressed messages file M:/quartus labs/project2/output_files/pong2.map.smsg
Info (16010): Generating hard_block partition "hard_block:auto_generated_inst"
    Info (16011): Adding 0 node(s), including 0 DDIO, 0 PLL, 0 transceiver and 0 LCELL
Warning (21074): Design contains 21 input pin(s) that do not drive logic
    Warning (15610): No output dependent on input pin "KEY[0]" File: M:/quartus labs/project2/pong2.v Line: 107
    Warning (15610): No output dependent on input pin "KEY[1]" File: M:/quartus labs/project2/pong2.v Line: 107
    Warning (15610): No output dependent on input pin "KEY[3]" File: M:/quartus labs/project2/pong2.v Line: 107
    Warning (15610): No output dependent on input pin "SW[0]" File: M:/quartus labs/project2/pong2.v Line: 110
    Warning (15610): No output dependent on input pin "SW[1]" File: M:/quartus labs/project2/pong2.v Line: 110
    Warning (15610): No output dependent on input pin "SW[2]" File: M:/quartus labs/project2/pong2.v Line: 110
    Warning (15610): No output dependent on input pin "SW[3]" File: M:/quartus labs/project2/pong2.v Line: 110
    Warning (15610): No output dependent on input pin "SW[4]" File: M:/quartus labs/project2/pong2.v Line: 110
    Warning (15610): No output dependent on input pin "SW[5]" File: M:/quartus labs/project2/pong2.v Line: 110
    Warning (15610): No output dependent on input pin "SW[6]" File: M:/quartus labs/project2/pong2.v Line: 110
    Warning (15610): No output dependent on input pin "SW[7]" File: M:/quartus labs/project2/pong2.v Line: 110
    Warning (15610): No output dependent on input pin "SW[8]" File: M:/quartus labs/project2/pong2.v Line: 110
    Warning (15610): No output dependent on input pin "SW[9]" File: M:/quartus labs/project2/pong2.v Line: 110
    Warning (15610): No output dependent on input pin "SW[10]" File: M:/quartus labs/project2/pong2.v Line: 110
    Warning (15610): No output dependent on input pin "SW[11]" File: M:/quartus labs/project2/pong2.v Line: 110
    Warning (15610): No output dependent on input pin "SW[12]" File: M:/quartus labs/project2/pong2.v Line: 110
    Warning (15610): No output dependent on input pin "SW[13]" File: M:/quartus labs/project2/pong2.v Line: 110
    Warning (15610): No output dependent on input pin "SW[14]" File: M:/quartus labs/project2/pong2.v Line: 110
    Warning (15610): No output dependent on input pin "SW[15]" File: M:/quartus labs/project2/pong2.v Line: 110
    Warning (15610): No output dependent on input pin "SW[16]" File: M:/quartus labs/project2/pong2.v Line: 110
    Warning (15610): No output dependent on input pin "AUD_ADCDAT" File: M:/quartus labs/project2/pong2.v Line: 134
Info (21057): Implemented 1119 device resources after synthesis - the final resource count might be different
    Info (21058): Implemented 24 input pins
    Info (21059): Implemented 45 output pins
    Info (21060): Implemented 7 bidirectional pins
    Info (21061): Implemented 1043 logic cells
Info: Quartus Prime Analysis & Synthesis was successful. 0 errors, 117 warnings
    Info: Peak virtual memory: 4795 megabytes
    Info: Processing ended: Sun Dec 09 15:50:00 2018
    Info: Elapsed time: 00:00:13
    Info: Total CPU time (on all processors): 00:00:20


+------------------------------------------+
; Analysis & Synthesis Suppressed Messages ;
+------------------------------------------+
The suppressed messages can be found in M:/quartus labs/project2/output_files/pong2.map.smsg.


